2025-05-19 13:02:16 [http-nio-8080-exec-10] INFO  c.e.e.service.EmployeeService - Fetching all employees
2025-05-19 13:02:16 [http-nio-8080-exec-1] INFO  c.e.e.service.EmployeeService - Fetching all employees
2025-05-19 13:02:19 [http-nio-8080-exec-2] INFO  c.e.e.service.EmployeeService - Fetching all employees
2025-05-19 13:02:19 [http-nio-8080-exec-3] INFO  c.e.e.service.EmployeeService - Fetching all employees
2025-05-19 13:02:19 [http-nio-8080-exec-4] INFO  c.e.e.service.EmployeeService - Fetching all employees
2025-05-19 13:02:19 [http-nio-8080-exec-5] INFO  c.e.e.service.EmployeeService - Fetching all employees
2025-05-19 13:02:19 [http-nio-8080-exec-6] INFO  c.e.e.service.EmployeeService - Fetching all employees
2025-05-19 13:02:19 [http-nio-8080-exec-7] INFO  c.e.e.service.EmployeeService - Fetching all employees
2025-05-19 13:02:20 [http-nio-8080-exec-8] INFO  c.e.e.service.EmployeeService - Fetching all employees
2025-05-19 13:02:20 [http-nio-8080-exec-9] INFO  c.e.e.service.EmployeeService - Fetching all employees
2025-05-19 13:02:21 [http-nio-8080-exec-10] INFO  c.e.e.service.EmployeeService - Fetching all employees
2025-05-19 13:02:21 [http-nio-8080-exec-1] INFO  c.e.e.service.EmployeeService - Fetching all employees
2025-05-19 13:02:21 [http-nio-8080-exec-2] INFO  c.e.e.service.EmployeeService - Fetching all employees
2025-05-19 13:02:21 [http-nio-8080-exec-3] INFO  c.e.e.service.EmployeeService - Fetching all employees
2025-05-19 13:02:22 [http-nio-8080-exec-4] INFO  c.e.e.service.EmployeeService - Fetching all employees
2025-05-19 13:02:22 [http-nio-8080-exec-5] INFO  c.e.e.service.EmployeeService - Fetching all employees
2025-05-19 13:02:22 [http-nio-8080-exec-6] INFO  c.e.e.service.EmployeeService - Fetching all employees
2025-05-19 13:02:23 [http-nio-8080-exec-7] INFO  c.e.e.service.EmployeeService - Fetching all employees
2025-05-19 13:02:23 [http-nio-8080-exec-8] INFO  c.e.e.service.EmployeeService - Fetching all employees
2025-05-19 13:02:23 [http-nio-8080-exec-9] INFO  c.e.e.service.EmployeeService - Fetching all employees
2025-05-19 13:02:23 [http-nio-8080-exec-10] INFO  c.e.e.service.EmployeeService - Fetching all employees
2025-05-19 13:02:23 [http-nio-8080-exec-1] INFO  c.e.e.service.EmployeeService - Fetching all employees
2025-05-19 13:02:23 [http-nio-8080-exec-2] INFO  c.e.e.service.EmployeeService - Fetching all employees
2025-05-19 13:02:24 [http-nio-8080-exec-3] INFO  c.e.e.service.EmployeeService - Fetching all employees
2025-05-19 13:02:24 [http-nio-8080-exec-4] INFO  c.e.e.service.EmployeeService - Fetching all employees
2025-05-19 13:02:24 [http-nio-8080-exec-5] INFO  c.e.e.service.EmployeeService - Fetching all employees
2025-05-19 13:06:03 [http-nio-8080-exec-8] INFO  c.e.e.service.EmployeeService - Fetching all employees
2025-05-19 13:14:12 [SpringApplicationShutdownHook] INFO  o.s.o.j.LocalContainerEntityManagerFactoryBean - Closing JPA EntityManagerFactory for persistence unit 'default'
2025-05-19 13:14:12 [SpringApplicationShutdownHook] INFO  com.zaxxer.hikari.HikariDataSource - HikariPool-1 - Shutdown initiated...
2025-05-19 13:14:12 [SpringApplicationShutdownHook] INFO  com.zaxxer.hikari.HikariDataSource - HikariPool-1 - Shutdown completed.
2025-05-19 13:14:24 [main] INFO  c.e.e.EmployeeManagementApplication - Starting EmployeeManagementApplication using Java 17.0.12 with PID 28632 (C:\MyFolder\Java\Springboot\EMPSample\employee-management\target\classes started by SagarWankhede in C:\MyFolder\Java\Springboot\EMPSample\employee-management)
2025-05-19 13:14:24 [main] INFO  c.e.e.EmployeeManagementApplication - No active profile set, falling back to 1 default profile: "default"
2025-05-19 13:14:25 [main] INFO  o.s.d.r.c.RepositoryConfigurationDelegate - Bootstrapping Spring Data JPA repositories in DEFAULT mode.
2025-05-19 13:14:25 [main] INFO  o.s.d.r.c.RepositoryConfigurationDelegate - Finished Spring Data repository scanning in 110 ms. Found 1 JPA repository interfaces.
2025-05-19 13:14:26 [main] INFO  o.s.b.w.e.tomcat.TomcatWebServer - Tomcat initialized with port(s): 8080 (http)
2025-05-19 13:14:26 [main] INFO  o.a.coyote.http11.Http11NioProtocol - Initializing ProtocolHandler ["http-nio-8080"]
2025-05-19 13:14:26 [main] INFO  o.a.catalina.core.StandardService - Starting service [Tomcat]
2025-05-19 13:14:26 [main] INFO  o.a.catalina.core.StandardEngine - Starting Servlet engine: [Apache Tomcat/10.1.11]
2025-05-19 13:14:27 [main] INFO  o.a.c.c.C.[Tomcat].[localhost].[/] - Initializing Spring embedded WebApplicationContext
2025-05-19 13:14:27 [main] INFO  o.s.b.w.s.c.ServletWebServerApplicationContext - Root WebApplicationContext: initialization completed in 2681 ms
2025-05-19 13:14:27 [main] INFO  o.h.jpa.internal.util.LogHelper - HHH000204: Processing PersistenceUnitInfo [name: default]
2025-05-19 13:14:27 [main] INFO  org.hibernate.Version - HHH000412: Hibernate ORM core version 6.2.6.Final
2025-05-19 13:14:27 [main] INFO  org.hibernate.cfg.Environment - HHH000406: Using bytecode reflection optimizer
2025-05-19 13:14:27 [main] INFO  o.h.b.i.BytecodeProviderInitiator - HHH000021: Bytecode provider name : bytebuddy
2025-05-19 13:14:27 [main] INFO  o.s.o.j.p.SpringPersistenceUnitInfo - No LoadTimeWeaver setup: ignoring JPA class transformer
2025-05-19 13:14:27 [main] INFO  com.zaxxer.hikari.HikariDataSource - HikariPool-1 - Starting...
2025-05-19 13:14:28 [main] INFO  com.zaxxer.hikari.pool.HikariPool - HikariPool-1 - Added connection com.mysql.cj.jdbc.ConnectionImpl@7548e1fb
2025-05-19 13:14:28 [main] INFO  com.zaxxer.hikari.HikariDataSource - HikariPool-1 - Start completed.
2025-05-19 13:14:28 [main] INFO  o.h.b.i.BytecodeProviderInitiator - HHH000021: Bytecode provider name : bytebuddy
2025-05-19 13:14:29 [main] INFO  o.h.e.t.j.p.i.JtaPlatformInitiator - HHH000490: Using JtaPlatform implementation: [org.hibernate.engine.transaction.jta.platform.internal.NoJtaPlatform]
2025-05-19 13:14:30 [main] INFO  o.s.o.j.LocalContainerEntityManagerFactoryBean - Initialized JPA EntityManagerFactory for persistence unit 'default'
2025-05-19 13:14:30 [main] WARN  o.s.b.a.o.j.JpaBaseConfiguration$JpaWebConfiguration - spring.jpa.open-in-view is enabled by default. Therefore, database queries may be performed during view rendering. Explicitly configure spring.jpa.open-in-view to disable this warning
2025-05-19 13:14:31 [main] INFO  o.s.b.a.w.s.WelcomePageHandlerMapping - Adding welcome page template: index
2025-05-19 13:14:31 [main] INFO  o.a.coyote.http11.Http11NioProtocol - Starting ProtocolHandler ["http-nio-8080"]
2025-05-19 13:14:31 [main] INFO  o.s.b.w.e.tomcat.TomcatWebServer - Tomcat started on port(s): 8080 (http) with context path ''
2025-05-19 13:14:31 [main] INFO  c.e.e.EmployeeManagementApplication - Started EmployeeManagementApplication in 8.41 seconds (process running for 9.029)
2025-05-19 13:14:31 [http-nio-8080-exec-1] INFO  o.a.c.c.C.[Tomcat].[localhost].[/] - Initializing Spring DispatcherServlet 'dispatcherServlet'
2025-05-19 13:14:31 [http-nio-8080-exec-1] INFO  o.s.web.servlet.DispatcherServlet - Initializing Servlet 'dispatcherServlet'
2025-05-19 13:14:31 [http-nio-8080-exec-1] INFO  o.s.web.servlet.DispatcherServlet - Completed initialization in 2 ms
2025-05-19 13:14:31 [http-nio-8080-exec-1] INFO  c.e.e.service.EmployeeService - Fetching all employees
2025-05-19 13:14:32 [http-nio-8080-exec-2] INFO  c.e.e.service.EmployeeService - Fetching all employees
2025-05-19 14:16:08 [http-nio-8080-exec-7] INFO  c.e.e.service.EmployeeService - Fetching employee with ID: 1
2025-05-19 14:16:12 [http-nio-8080-exec-9] INFO  c.e.e.service.EmployeeService - Fetching all employees
2025-05-19 14:17:43 [http-nio-8080-exec-3] INFO  c.e.e.service.EmployeeService - Saving employee: B Wankhede
2025-05-19 14:17:43 [http-nio-8080-exec-4] INFO  c.e.e.service.EmployeeService - Fetching all employees
2025-05-19 14:17:46 [http-nio-8080-exec-5] INFO  c.e.e.service.EmployeeService - Fetching all employees
2025-05-19 14:17:46 [http-nio-8080-exec-6] INFO  c.e.e.service.EmployeeService - Fetching all employees
2025-05-19 14:17:46 [http-nio-8080-exec-8] INFO  c.e.e.service.EmployeeService - Fetching all employees
2025-05-19 14:17:46 [http-nio-8080-exec-7] INFO  c.e.e.service.EmployeeService - Fetching all employees
2025-05-19 14:17:48 [http-nio-8080-exec-9] INFO  c.e.e.service.EmployeeService - Fetching employee with ID: 1
2025-05-19 14:17:49 [http-nio-8080-exec-10] INFO  c.e.e.service.EmployeeService - Fetching all employees
2025-05-19 14:17:50 [http-nio-8080-exec-2] INFO  c.e.e.service.EmployeeService - Fetching employee with ID: 3
2025-05-19 14:17:51 [http-nio-8080-exec-1] INFO  c.e.e.service.EmployeeService - Fetching all employees
2025-05-19 14:19:18 [http-nio-8080-exec-5] INFO  c.e.e.service.EmployeeService - Fetching all employees
2025-05-19 14:19:21 [http-nio-8080-exec-6] INFO  c.e.e.service.EmployeeService - Fetching all employees
2025-05-19 14:19:22 [http-nio-8080-exec-8] INFO  c.e.e.service.EmployeeService - Fetching all employees
2025-05-19 14:19:22 [http-nio-8080-exec-7] INFO  c.e.e.service.EmployeeService - Fetching all employees
2025-05-19 14:19:22 [http-nio-8080-exec-9] INFO  c.e.e.service.EmployeeService - Fetching all employees
2025-05-19 14:19:23 [http-nio-8080-exec-10] INFO  c.e.e.service.EmployeeService - Fetching all employees
2025-05-19 14:19:23 [http-nio-8080-exec-2] INFO  c.e.e.service.EmployeeService - Fetching all employees
2025-05-19 14:19:23 [http-nio-8080-exec-1] INFO  c.e.e.service.EmployeeService - Fetching all employees
2025-05-19 14:19:24 [http-nio-8080-exec-3] INFO  c.e.e.service.EmployeeService - Fetching all employees
2025-05-19 14:19:24 [http-nio-8080-exec-4] INFO  c.e.e.service.EmployeeService - Fetching all employees
2025-05-19 14:19:24 [http-nio-8080-exec-5] INFO  c.e.e.service.EmployeeService - Fetching all employees
2025-05-19 14:19:24 [http-nio-8080-exec-6] INFO  c.e.e.service.EmployeeService - Fetching all employees
2025-05-19 14:19:24 [http-nio-8080-exec-8] INFO  c.e.e.service.EmployeeService - Fetching all employees
2025-05-19 14:19:25 [http-nio-8080-exec-7] INFO  c.e.e.service.EmployeeService - Fetching all employees
2025-05-19 14:19:25 [http-nio-8080-exec-9] INFO  c.e.e.service.EmployeeService - Fetching all employees
2025-05-19 14:19:25 [http-nio-8080-exec-10] INFO  c.e.e.service.EmployeeService - Fetching all employees
2025-05-19 14:19:25 [http-nio-8080-exec-2] INFO  c.e.e.service.EmployeeService - Fetching all employees
2025-05-19 14:19:25 [http-nio-8080-exec-1] INFO  c.e.e.service.EmployeeService - Fetching all employees
2025-05-19 14:19:26 [http-nio-8080-exec-3] INFO  c.e.e.service.EmployeeService - Fetching all employees
2025-05-19 14:19:26 [http-nio-8080-exec-4] INFO  c.e.e.service.EmployeeService - Fetching all employees
