2025-05-19 12:33:21 - Starting EmployeeManagementApplication using Java 17.0.12 with PID 28784 (C:\MyFolder\Java\Springboot\EMPSample\employee-management\target\classes started by SagarWankhede in C:\MyFolder\Java\Springboot\EMPSample\employee-management)
2025-05-19 12:33:21 - No active profile set, falling back to 1 default profile: "default"
2025-05-19 12:33:22 - Bootstrapping Spring Data JPA repositories in DEFAULT mode.
2025-05-19 12:33:22 - Finished Spring Data repository scanning in 93 ms. Found 1 JPA repository interfaces.
2025-05-19 12:33:23 - Tomcat initialized with port(s): 8080 (http)
2025-05-19 12:33:23 - Initializing ProtocolHandler ["http-nio-8080"]
2025-05-19 12:33:23 - Starting service [Tomcat]
2025-05-19 12:33:23 - Starting Servlet engine: [Apache Tomcat/10.1.11]
2025-05-19 12:33:23 - Initializing Spring embedded WebApplicationContext
2025-05-19 12:33:23 - Root WebApplicationContext: initialization completed in 2084 ms
2025-05-19 12:33:23 - HHH000204: Processing PersistenceUnitInfo [name: default]
2025-05-19 12:33:23 - HHH000412: Hibernate ORM core version 6.2.6.Final
2025-05-19 12:33:23 - HHH000406: Using bytecode reflection optimizer
2025-05-19 12:33:24 - HHH000021: Bytecode provider name : bytebuddy
2025-05-19 12:33:24 - No LoadTimeWeaver setup: ignoring JPA class transformer
2025-05-19 12:33:24 - HikariPool-1 - Starting...
2025-05-19 12:33:25 - HikariPool-1 - Added connection com.mysql.cj.jdbc.ConnectionImpl@1930a804
2025-05-19 12:33:25 - HikariPool-1 - Start completed.
2025-05-19 12:33:25 - HHH000021: Bytecode provider name : bytebuddy
2025-05-19 12:33:26 - HHH000490: Using JtaPlatform implementation: [org.hibernate.engine.transaction.jta.platform.internal.NoJtaPlatform]
2025-05-19 12:33:26 - Initialized JPA EntityManagerFactory for persistence unit 'default'
2025-05-19 12:33:27 - spring.jpa.open-in-view is enabled by default. Therefore, database queries may be performed during view rendering. Explicitly configure spring.jpa.open-in-view to disable this warning
2025-05-19 12:33:27 - Adding welcome page template: index
2025-05-19 12:33:27 - Starting ProtocolHandler ["http-nio-8080"]
2025-05-19 12:33:27 - Tomcat started on port(s): 8080 (http) with context path ''
2025-05-19 12:33:27 - Started EmployeeManagementApplication in 7.146 seconds (process running for 7.629)
2025-05-19 12:34:25 - Initializing Spring DispatcherServlet 'dispatcherServlet'
2025-05-19 12:34:25 - Initializing Servlet 'dispatcherServlet'
2025-05-19 12:34:25 - Completed initialization in 2 ms
2025-05-19 12:34:25 - Fetching all employees
2025-05-19 12:35:52 - Saving employee: Sagar Wankhede
2025-05-19 12:35:53 - Fetching all employees
2025-05-19 12:41:54 - Closing JPA EntityManagerFactory for persistence unit 'default'
2025-05-19 12:41:54 - HikariPool-1 - Shutdown initiated...
2025-05-19 12:41:54 - HikariPool-1 - Shutdown completed.
2025-05-19 12:42:28 [main] INFO  c.e.e.EmployeeManagementApplication - Starting EmployeeManagementApplication using Java 17.0.12 with PID 29000 (C:\MyFolder\Java\Springboot\EMPSample\employee-management\target\classes started by SagarWankhede in C:\MyFolder\Java\Springboot\EMPSample\employee-management)
2025-05-19 12:42:28 [main] INFO  c.e.e.EmployeeManagementApplication - No active profile set, falling back to 1 default profile: "default"
2025-05-19 12:42:29 [main] INFO  o.s.d.r.c.RepositoryConfigurationDelegate - Bootstrapping Spring Data JPA repositories in DEFAULT mode.
2025-05-19 12:42:29 [main] INFO  o.s.d.r.c.RepositoryConfigurationDelegate - Finished Spring Data repository scanning in 84 ms. Found 1 JPA repository interfaces.
2025-05-19 12:42:30 [main] INFO  o.s.b.w.e.tomcat.TomcatWebServer - Tomcat initialized with port(s): 8080 (http)
2025-05-19 12:42:30 [main] INFO  o.a.coyote.http11.Http11NioProtocol - Initializing ProtocolHandler ["http-nio-8080"]
2025-05-19 12:42:30 [main] INFO  o.a.catalina.core.StandardService - Starting service [Tomcat]
2025-05-19 12:42:30 [main] INFO  o.a.catalina.core.StandardEngine - Starting Servlet engine: [Apache Tomcat/10.1.11]
2025-05-19 12:42:30 [main] INFO  o.a.c.c.C.[Tomcat].[localhost].[/] - Initializing Spring embedded WebApplicationContext
2025-05-19 12:42:30 [main] INFO  o.s.b.w.s.c.ServletWebServerApplicationContext - Root WebApplicationContext: initialization completed in 2081 ms
2025-05-19 12:42:30 [main] INFO  o.h.jpa.internal.util.LogHelper - HHH000204: Processing PersistenceUnitInfo [name: default]
2025-05-19 12:42:30 [main] INFO  org.hibernate.Version - HHH000412: Hibernate ORM core version 6.2.6.Final
2025-05-19 12:42:30 [main] INFO  org.hibernate.cfg.Environment - HHH000406: Using bytecode reflection optimizer
2025-05-19 12:42:31 [main] INFO  o.h.b.i.BytecodeProviderInitiator - HHH000021: Bytecode provider name : bytebuddy
2025-05-19 12:42:31 [main] INFO  o.s.o.j.p.SpringPersistenceUnitInfo - No LoadTimeWeaver setup: ignoring JPA class transformer
2025-05-19 12:42:31 [main] INFO  com.zaxxer.hikari.HikariDataSource - HikariPool-1 - Starting...
2025-05-19 12:42:31 [main] INFO  com.zaxxer.hikari.pool.HikariPool - HikariPool-1 - Added connection com.mysql.cj.jdbc.ConnectionImpl@6b24ddd7
2025-05-19 12:42:31 [main] INFO  com.zaxxer.hikari.HikariDataSource - HikariPool-1 - Start completed.
2025-05-19 12:42:32 [main] INFO  o.h.b.i.BytecodeProviderInitiator - HHH000021: Bytecode provider name : bytebuddy
2025-05-19 12:42:33 [main] INFO  o.h.e.t.j.p.i.JtaPlatformInitiator - HHH000490: Using JtaPlatform implementation: [org.hibernate.engine.transaction.jta.platform.internal.NoJtaPlatform]
2025-05-19 12:42:33 [main] INFO  o.s.o.j.LocalContainerEntityManagerFactoryBean - Initialized JPA EntityManagerFactory for persistence unit 'default'
2025-05-19 12:42:33 [main] WARN  o.s.b.a.o.j.JpaBaseConfiguration$JpaWebConfiguration - spring.jpa.open-in-view is enabled by default. Therefore, database queries may be performed during view rendering. Explicitly configure spring.jpa.open-in-view to disable this warning
2025-05-19 12:42:33 [main] INFO  o.s.b.a.w.s.WelcomePageHandlerMapping - Adding welcome page template: index
2025-05-19 12:42:33 [main] INFO  o.a.coyote.http11.Http11NioProtocol - Starting ProtocolHandler ["http-nio-8080"]
2025-05-19 12:42:33 [main] INFO  o.s.b.w.e.tomcat.TomcatWebServer - Tomcat started on port(s): 8080 (http) with context path ''
2025-05-19 12:42:33 [main] INFO  c.e.e.EmployeeManagementApplication - Started EmployeeManagementApplication in 5.979 seconds (process running for 6.41)
2025-05-19 12:42:52 [http-nio-8080-exec-1] INFO  o.a.c.c.C.[Tomcat].[localhost].[/] - Initializing Spring DispatcherServlet 'dispatcherServlet'
2025-05-19 12:42:52 [http-nio-8080-exec-1] INFO  o.s.web.servlet.DispatcherServlet - Initializing Servlet 'dispatcherServlet'
2025-05-19 12:42:52 [http-nio-8080-exec-1] INFO  o.s.web.servlet.DispatcherServlet - Completed initialization in 2 ms
2025-05-19 12:42:52 [http-nio-8080-exec-1] INFO  c.e.e.service.EmployeeService - Fetching all employees
2025-05-19 12:43:11 [http-nio-8080-exec-3] INFO  c.e.e.service.EmployeeService - Saving employee: xyz
2025-05-19 12:43:12 [http-nio-8080-exec-4] INFO  c.e.e.service.EmployeeService - Fetching all employees
2025-05-19 12:43:50 [http-nio-8080-exec-6] INFO  c.e.e.service.EmployeeService - Fetching all employees
2025-05-19 12:43:51 [http-nio-8080-exec-5] INFO  c.e.e.service.EmployeeService - Fetching all employees
2025-05-19 12:43:53 [http-nio-8080-exec-8] INFO  c.e.e.service.EmployeeService - Fetching all employees
2025-05-19 12:43:54 [http-nio-8080-exec-9] INFO  c.e.e.service.EmployeeService - Fetching all employees
2025-05-19 12:43:56 [http-nio-8080-exec-10] INFO  c.e.e.service.EmployeeService - Fetching all employees
2025-05-19 12:44:06 [http-nio-8080-exec-1] INFO  c.e.e.service.EmployeeService - Fetching all employees
2025-05-19 12:44:06 [http-nio-8080-exec-2] INFO  c.e.e.service.EmployeeService - Fetching all employees
2025-05-19 12:44:07 [http-nio-8080-exec-3] INFO  c.e.e.service.EmployeeService - Fetching all employees
2025-05-19 12:44:08 [http-nio-8080-exec-4] INFO  c.e.e.service.EmployeeService - Fetching all employees
2025-05-19 12:44:09 [http-nio-8080-exec-6] INFO  c.e.e.service.EmployeeService - Fetching all employees
2025-05-19 12:44:09 [http-nio-8080-exec-5] INFO  c.e.e.service.EmployeeService - Fetching all employees
2025-05-19 12:44:10 [http-nio-8080-exec-7] INFO  c.e.e.service.EmployeeService - Fetching all employees
2025-05-19 12:44:10 [http-nio-8080-exec-8] INFO  c.e.e.service.EmployeeService - Fetching all employees
2025-05-19 12:44:10 [http-nio-8080-exec-9] INFO  c.e.e.service.EmployeeService - Fetching all employees
2025-05-19 12:44:10 [http-nio-8080-exec-10] INFO  c.e.e.service.EmployeeService - Fetching all employees
2025-05-19 12:44:11 [http-nio-8080-exec-1] INFO  c.e.e.service.EmployeeService - Fetching all employees
2025-05-19 12:44:11 [http-nio-8080-exec-2] INFO  c.e.e.service.EmployeeService - Fetching all employees
2025-05-19 12:44:11 [http-nio-8080-exec-3] INFO  c.e.e.service.EmployeeService - Fetching all employees
2025-05-19 12:44:11 [http-nio-8080-exec-4] INFO  c.e.e.service.EmployeeService - Fetching all employees
2025-05-19 12:44:12 [http-nio-8080-exec-6] INFO  c.e.e.service.EmployeeService - Fetching all employees
2025-05-19 12:44:12 [http-nio-8080-exec-5] INFO  c.e.e.service.EmployeeService - Fetching all employees
2025-05-19 12:44:12 [http-nio-8080-exec-7] INFO  c.e.e.service.EmployeeService - Fetching all employees
2025-05-19 12:44:12 [http-nio-8080-exec-8] INFO  c.e.e.service.EmployeeService - Fetching all employees
2025-05-19 12:44:12 [http-nio-8080-exec-9] INFO  c.e.e.service.EmployeeService - Fetching all employees
2025-05-19 12:44:12 [http-nio-8080-exec-10] INFO  c.e.e.service.EmployeeService - Fetching all employees
2025-05-19 12:44:19 [http-nio-8080-exec-1] INFO  c.e.e.service.EmployeeService - Fetching all employees
2025-05-19 12:44:20 [http-nio-8080-exec-2] INFO  c.e.e.service.EmployeeService - Fetching all employees
2025-05-19 12:44:21 [http-nio-8080-exec-3] INFO  c.e.e.service.EmployeeService - Fetching all employees
2025-05-19 12:44:21 [http-nio-8080-exec-4] INFO  c.e.e.service.EmployeeService - Fetching all employees
2025-05-19 12:44:21 [http-nio-8080-exec-6] INFO  c.e.e.service.EmployeeService - Fetching all employees
2025-05-19 12:44:22 [http-nio-8080-exec-5] INFO  c.e.e.service.EmployeeService - Fetching all employees
2025-05-19 12:44:22 [http-nio-8080-exec-7] INFO  c.e.e.service.EmployeeService - Fetching all employees
